Flow report for ov7725_hdmi
Tue Apr 02 12:47:05 2024
Quartus II 64-Bit Version 13.1.0 Build 162 10/23/2013 SJ Full Version


---------------------
; Table of Contents ;
---------------------
  1. Legal Notice
  2. Flow Summary
  3. Flow Settings
  4. Flow Non-Default Global Settings
  5. Flow Elapsed Time
  6. Flow OS Summary
  7. Flow Log
  8. Flow Messages
  9. Flow Suppressed Messages



----------------
; Legal Notice ;
----------------
Copyright (C) 1991-2013 Altera Corporation
Your use of Altera Corporation's design tools, logic functions 
and other software and tools, and its AMPP partner logic 
functions, and any output files from any of the foregoing 
(including device programming or simulation files), and any 
associated documentation or information are expressly subject 
to the terms and conditions of the Altera Program License 
Subscription Agreement, Altera MegaCore Function License 
Agreement, or other applicable license agreement, including, 
without limitation, that your use is for the sole purpose of 
programming logic devices manufactured by Altera and sold by 
Altera or its authorized distributors.  Please refer to the 
applicable agreement for further details.



+----------------------------------------------------------------------------------+
; Flow Summary                                                                     ;
+------------------------------------+---------------------------------------------+
; Flow Status                        ; Successful - Tue Apr 02 12:47:05 2024       ;
; Quartus II 64-Bit Version          ; 13.1.0 Build 162 10/23/2013 SJ Full Version ;
; Revision Name                      ; ov7725_hdmi                                 ;
; Top-level Entity Name              ; my_top                                      ;
; Family                             ; Cyclone IV E                                ;
; Device                             ; EP4CE10F17C8                                ;
; Timing Models                      ; Final                                       ;
; Total logic elements               ; 4,430 / 10,320 ( 43 % )                     ;
;     Total combinational functions  ; 3,564 / 10,320 ( 35 % )                     ;
;     Dedicated logic registers      ; 2,220 / 10,320 ( 22 % )                     ;
; Total registers                    ; 2236                                        ;
; Total pins                         ; 84 / 180 ( 47 % )                           ;
; Total virtual pins                 ; 0                                           ;
; Total memory bits                  ; 295,424 / 423,936 ( 70 % )                  ;
; Embedded Multiplier 9-bit elements ; 0 / 46 ( 0 % )                              ;
; Total PLLs                         ; 2 / 2 ( 100 % )                             ;
+------------------------------------+---------------------------------------------+


+-----------------------------------------+
; Flow Settings                           ;
+-------------------+---------------------+
; Option            ; Setting             ;
+-------------------+---------------------+
; Start date & time ; 04/02/2024 09:29:39 ;
; Main task         ; Compilation         ;
; Revision Name     ; ov7725_hdmi         ;
+-------------------+---------------------+


+-----------------------------------------------------------------------------------------------------------------------------------------------------------------------------------------------------------+
; Flow Non-Default Global Settings                                                                                                                                                                          ;
+-------------------------------------+---------------------------------------------------------------------------------------------------------------------+---------------+-------------+-----------------+
; Assignment Name                     ; Value                                                                                                               ; Default Value ; Entity Name ; Section Id      ;
+-------------------------------------+---------------------------------------------------------------------------------------------------------------------+---------------+-------------+-----------------+
; COMPILER_SIGNATURE_ID               ; 237901785889251.171202137914156                                                                                     ; --            ; --          ; --              ;
; EDA_OUTPUT_DATA_FORMAT              ; Verilog Hdl                                                                                                         ; --            ; --          ; eda_simulation  ;
; EDA_SIMULATION_TOOL                 ; ModelSim (Verilog)                                                                                                  ; <None>        ; --          ; --              ;
; EDA_TIME_SCALE                      ; 1 ps                                                                                                                ; --            ; --          ; eda_simulation  ;
; ENABLE_SIGNALTAP                    ; On                                                                                                                  ; --            ; --          ; --              ;
; IP_TOOL_NAME                        ; ALTFP_MULT                                                                                                          ; --            ; --          ; --              ;
; IP_TOOL_NAME                        ; ALTFP_DIV                                                                                                           ; --            ; --          ; --              ;
; IP_TOOL_NAME                        ; ALTFP_ADD_SUB                                                                                                       ; --            ; --          ; --              ;
; IP_TOOL_NAME                        ; ALTFP_CONVERT                                                                                                       ; --            ; --          ; --              ;
; IP_TOOL_NAME                        ; ROM: 1-PORT                                                                                                         ; --            ; --          ; --              ;
; IP_TOOL_NAME                        ; ALTDDIO_OUT                                                                                                         ; --            ; --          ; --              ;
; IP_TOOL_NAME                        ; ALTPLL                                                                                                              ; --            ; --          ; --              ;
; IP_TOOL_NAME                        ; ALTPLL                                                                                                              ; --            ; --          ; --              ;
; IP_TOOL_NAME                        ; FIFO                                                                                                                ; --            ; --          ; --              ;
; IP_TOOL_VERSION                     ; 13.1                                                                                                                ; --            ; --          ; --              ;
; IP_TOOL_VERSION                     ; 13.1                                                                                                                ; --            ; --          ; --              ;
; IP_TOOL_VERSION                     ; 13.1                                                                                                                ; --            ; --          ; --              ;
; IP_TOOL_VERSION                     ; 13.1                                                                                                                ; --            ; --          ; --              ;
; IP_TOOL_VERSION                     ; 13.1                                                                                                                ; --            ; --          ; --              ;
; IP_TOOL_VERSION                     ; 13.1                                                                                                                ; --            ; --          ; --              ;
; IP_TOOL_VERSION                     ; 13.1                                                                                                                ; --            ; --          ; --              ;
; IP_TOOL_VERSION                     ; 13.1                                                                                                                ; --            ; --          ; --              ;
; IP_TOOL_VERSION                     ; 13.1                                                                                                                ; --            ; --          ; --              ;
; MAX_CORE_JUNCTION_TEMP              ; 85                                                                                                                  ; --            ; --          ; --              ;
; MIN_CORE_JUNCTION_TEMP              ; 0                                                                                                                   ; --            ; --          ; --              ;
; MISC_FILE                           ; ../rtl/kalman/IP/MULT_inst.v                                                                                        ; --            ; --          ; --              ;
; MISC_FILE                           ; ../rtl/kalman/IP/DIV_inst.v                                                                                         ; --            ; --          ; --              ;
; MISC_FILE                           ; ../rtl/kalman/IP/DIV_bb.v                                                                                           ; --            ; --          ; --              ;
; MISC_FILE                           ; ../rtl/kalman/IP/ADD_inst.v                                                                                         ; --            ; --          ; --              ;
; MISC_FILE                           ; ../rtl/kalman/IP/ADD_bb.v                                                                                           ; --            ; --          ; --              ;
; MISC_FILE                           ; ../rtl/kalman/IP/convert_inst.v                                                                                     ; --            ; --          ; --              ;
; MISC_FILE                           ; ../rtl/kalman/IP/ROM_inst.v                                                                                         ; --            ; --          ; --              ;
; MISC_FILE                           ; ../rtl/kalman/IP/ROM_bb.v                                                                                           ; --            ; --          ; --              ;
; MISC_FILE                           ; ipcore/ddio_out/ddio_out.bsf                                                                                        ; --            ; --          ; --              ;
; MISC_FILE                           ; ipcore/ddio_out/ddio_out_inst.v                                                                                     ; --            ; --          ; --              ;
; MISC_FILE                           ; ipcore/ddio_out/ddio_out_bb.v                                                                                       ; --            ; --          ; --              ;
; MISC_FILE                           ; ipcore/ddio_out/ddio_out.inc                                                                                        ; --            ; --          ; --              ;
; MISC_FILE                           ; ipcore/ddio_out/ddio_out.cmp                                                                                        ; --            ; --          ; --              ;
; MISC_FILE                           ; ipcore/ddio_out/ddio_out.ppf                                                                                        ; --            ; --          ; --              ;
; MISC_FILE                           ; ipcore/pll_hdmi_inst.v                                                                                              ; --            ; --          ; --              ;
; MISC_FILE                           ; ipcore/pll_hdmi.ppf                                                                                                 ; --            ; --          ; --              ;
; MISC_FILE                           ; ipcore/pll_clk.ppf                                                                                                  ; --            ; --          ; --              ;
; OUTPUT_IO_TIMING_FAR_END_VMEAS      ; Half Signal Swing                                                                                                   ; --            ; --          ; --              ;
; OUTPUT_IO_TIMING_FAR_END_VMEAS      ; Half Signal Swing                                                                                                   ; --            ; --          ; --              ;
; OUTPUT_IO_TIMING_NEAR_END_VMEAS     ; Half Vccio                                                                                                          ; --            ; --          ; --              ;
; OUTPUT_IO_TIMING_NEAR_END_VMEAS     ; Half Vccio                                                                                                          ; --            ; --          ; --              ;
; PARTITION_COLOR                     ; 16764057                                                                                                            ; --            ; my_top      ; Top             ;
; PARTITION_FITTER_PRESERVATION_LEVEL ; PLACEMENT_AND_ROUTING                                                                                               ; --            ; my_top      ; Top             ;
; PARTITION_NETLIST_TYPE              ; SOURCE                                                                                                              ; --            ; my_top      ; Top             ;
; POWER_BOARD_THERMAL_MODEL           ; None (CONSERVATIVE)                                                                                                 ; --            ; --          ; --              ;
; POWER_PRESET_COOLING_SOLUTION       ; 23 MM HEAT SINK WITH 200 LFPM AIRFLOW                                                                               ; --            ; --          ; --              ;
; PROJECT_OUTPUT_DIRECTORY            ; output_files                                                                                                        ; --            ; --          ; --              ;
; SLD_FILE                            ; db/222_auto_stripped.stp                                                                                            ; --            ; --          ; --              ;
; SLD_NODE_CREATOR_ID                 ; 110                                                                                                                 ; --            ; --          ; auto_signaltap2 ;
; SLD_NODE_ENTITY_NAME                ; sld_signaltap                                                                                                       ; --            ; --          ; auto_signaltap2 ;
; SLD_NODE_PARAMETER_ASSIGNMENT       ; SLD_RAM_BLOCK_TYPE=AUTO                                                                                             ; --            ; --          ; auto_signaltap2 ;
; SLD_NODE_PARAMETER_ASSIGNMENT       ; SLD_NODE_INFO=805334528                                                                                             ; --            ; --          ; auto_signaltap2 ;
; SLD_NODE_PARAMETER_ASSIGNMENT       ; SLD_POWER_UP_TRIGGER=0                                                                                              ; --            ; --          ; auto_signaltap2 ;
; SLD_NODE_PARAMETER_ASSIGNMENT       ; SLD_STORAGE_QUALIFIER_INVERSION_MASK_LENGTH=0                                                                       ; --            ; --          ; auto_signaltap2 ;
; SLD_NODE_PARAMETER_ASSIGNMENT       ; SLD_ATTRIBUTE_MEM_MODE=OFF                                                                                          ; --            ; --          ; auto_signaltap2 ;
; SLD_NODE_PARAMETER_ASSIGNMENT       ; SLD_STATE_FLOW_USE_GENERATED=0                                                                                      ; --            ; --          ; auto_signaltap2 ;
; SLD_NODE_PARAMETER_ASSIGNMENT       ; SLD_STATE_BITS=11                                                                                                   ; --            ; --          ; auto_signaltap2 ;
; SLD_NODE_PARAMETER_ASSIGNMENT       ; SLD_BUFFER_FULL_STOP=1                                                                                              ; --            ; --          ; auto_signaltap2 ;
; SLD_NODE_PARAMETER_ASSIGNMENT       ; SLD_CURRENT_RESOURCE_WIDTH=1                                                                                        ; --            ; --          ; auto_signaltap2 ;
; SLD_NODE_PARAMETER_ASSIGNMENT       ; SLD_TRIGGER_LEVEL=1                                                                                                 ; --            ; --          ; auto_signaltap2 ;
; SLD_NODE_PARAMETER_ASSIGNMENT       ; SLD_TRIGGER_IN_ENABLED=0                                                                                            ; --            ; --          ; auto_signaltap2 ;
; SLD_NODE_PARAMETER_ASSIGNMENT       ; SLD_ADVANCED_TRIGGER_ENTITY=basic,1,                                                                                ; --            ; --          ; auto_signaltap2 ;
; SLD_NODE_PARAMETER_ASSIGNMENT       ; SLD_TRIGGER_LEVEL_PIPELINE=1                                                                                        ; --            ; --          ; auto_signaltap2 ;
; SLD_NODE_PARAMETER_ASSIGNMENT       ; SLD_ENABLE_ADVANCED_TRIGGER=0                                                                                       ; --            ; --          ; auto_signaltap2 ;
; SLD_NODE_PARAMETER_ASSIGNMENT       ; SLD_DATA_BITS=23                                                                                                    ; --            ; --          ; auto_signaltap2 ;
; SLD_NODE_PARAMETER_ASSIGNMENT       ; SLD_TRIGGER_BITS=23                                                                                                 ; --            ; --          ; auto_signaltap2 ;
; SLD_NODE_PARAMETER_ASSIGNMENT       ; SLD_NODE_CRC_LOWORD=28406                                                                                           ; --            ; --          ; auto_signaltap2 ;
; SLD_NODE_PARAMETER_ASSIGNMENT       ; SLD_INVERSION_MASK=000000000000000000000000000000000000000000000000000000000000000000000000000000000000000000000000 ; --            ; --          ; auto_signaltap2 ;
; SLD_NODE_PARAMETER_ASSIGNMENT       ; SLD_INVERSION_MASK_LENGTH=96                                                                                        ; --            ; --          ; auto_signaltap2 ;
; SLD_NODE_PARAMETER_ASSIGNMENT       ; SLD_SEGMENT_SIZE=8192                                                                                               ; --            ; --          ; auto_signaltap2 ;
; SLD_NODE_PARAMETER_ASSIGNMENT       ; SLD_NODE_CRC_HIWORD=43463                                                                                           ; --            ; --          ; auto_signaltap2 ;
; SLD_NODE_PARAMETER_ASSIGNMENT       ; SLD_SAMPLE_DEPTH=8192                                                                                               ; --            ; --          ; auto_signaltap2 ;
; TOP_LEVEL_ENTITY                    ; my_top                                                                                                              ; ov7725_hdmi   ; --          ; --              ;
; USE_SIGNALTAP_FILE                  ; output_files/222.stp                                                                                                ; --            ; --          ; --              ;
+-------------------------------------+---------------------------------------------------------------------------------------------------------------------+---------------+-------------+-----------------+


+-------------------------------------------------------------------------------------------------------------------------------+
; Flow Elapsed Time                                                                                                             ;
+---------------------------+--------------+-------------------------+---------------------+------------------------------------+
; Module Name               ; Elapsed Time ; Average Processors Used ; Peak Virtual Memory ; Total CPU Time (on all processors) ;
+---------------------------+--------------+-------------------------+---------------------+------------------------------------+
; Analysis & Synthesis      ; 00:00:16     ; 1.0                     ; 4808 MB             ; 00:00:16                           ;
; Fitter                    ; 00:00:11     ; 1.7                     ; 5629 MB             ; 00:00:14                           ;
; Assembler                 ; 00:00:01     ; 1.0                     ; 4607 MB             ; 00:00:01                           ;
; TimeQuest Timing Analyzer ; 00:00:03     ; 1.0                     ; 4760 MB             ; 00:00:03                           ;
; EDA Netlist Writer        ; 00:00:04     ; 1.0                     ; 4613 MB             ; 00:00:04                           ;
; Analysis & Synthesis      ; 00:00:12     ; 1.3                     ; 4781 MB             ; 00:00:13                           ;
; Partition Merge           ; 00:00:01     ; 1.0                     ; 4671 MB             ; 00:00:01                           ;
; Fitter                    ; 00:00:10     ; 1.0                     ; 5657 MB             ; 00:00:13                           ;
; Assembler                 ; 00:00:01     ; 1.0                     ; 4616 MB             ; 00:00:01                           ;
; TimeQuest Timing Analyzer ; 00:00:03     ; 1.0                     ; 4750 MB             ; 00:00:03                           ;
; EDA Netlist Writer        ; 00:00:04     ; 1.0                     ; 4613 MB             ; 00:00:04                           ;
; Analysis & Synthesis      ; 00:00:17     ; 1.5                     ; 4777 MB             ; 00:00:19                           ;
; Partition Merge           ; 00:00:02     ; 1.0                     ; 4681 MB             ; 00:00:02                           ;
; Fitter                    ; 00:00:10     ; 1.0                     ; 5297 MB             ; 00:00:10                           ;
; Analysis & Synthesis      ; 00:00:13     ; 1.3                     ; 4782 MB             ; 00:00:14                           ;
; Partition Merge           ; 00:00:01     ; 1.0                     ; 4676 MB             ; 00:00:01                           ;
; Fitter                    ; 00:00:12     ; 1.5                     ; 5671 MB             ; 00:00:14                           ;
; Assembler                 ; 00:00:01     ; 1.0                     ; 4615 MB             ; 00:00:01                           ;
; TimeQuest Timing Analyzer ; 00:00:03     ; 1.0                     ; 4760 MB             ; 00:00:04                           ;
; EDA Netlist Writer        ; 00:00:05     ; 1.0                     ; 4618 MB             ; 00:00:04                           ;
; Analysis & Synthesis      ; 00:00:19     ; 1.6                     ; 4787 MB             ; 00:00:20                           ;
; Partition Merge           ; 00:00:01     ; 1.0                     ; 4677 MB             ; 00:00:01                           ;
; Fitter                    ; 00:00:14     ; 1.4                     ; 5626 MB             ; 00:00:17                           ;
; Assembler                 ; 00:00:01     ; 1.0                     ; 4615 MB             ; 00:00:01                           ;
; TimeQuest Timing Analyzer ; 00:00:04     ; 1.0                     ; 4764 MB             ; 00:00:04                           ;
; EDA Netlist Writer        ; 00:00:04     ; 1.0                     ; 4620 MB             ; 00:00:04                           ;
; Analysis & Synthesis      ; 00:00:19     ; 1.6                     ; 4785 MB             ; 00:00:20                           ;
; Partition Merge           ; 00:00:01     ; 1.0                     ; 4666 MB             ; 00:00:01                           ;
; Fitter                    ; 00:00:12     ; 1.5                     ; 5641 MB             ; 00:00:16                           ;
; Assembler                 ; 00:00:01     ; 1.0                     ; 4607 MB             ; 00:00:01                           ;
; TimeQuest Timing Analyzer ; 00:00:03     ; 1.0                     ; 4762 MB             ; 00:00:04                           ;
; EDA Netlist Writer        ; 00:00:05     ; 1.0                     ; 4619 MB             ; 00:00:04                           ;
; Analysis & Synthesis      ; 00:00:06     ; 1.0                     ; 4741 MB             ; 00:00:06                           ;
; Analysis & Synthesis      ; 00:00:03     ; 1.0                     ; 4648 MB             ; 00:00:03                           ;
; Analysis & Synthesis      ; 00:00:19     ; 1.5                     ; 4776 MB             ; 00:00:20                           ;
; Analysis & Synthesis      ; 00:00:09     ; 1.0                     ; 4773 MB             ; 00:00:08                           ;
; Partition Merge           ; 00:00:01     ; 1.0                     ; 4677 MB             ; 00:00:01                           ;
; Fitter                    ; 00:00:12     ; 1.5                     ; 5665 MB             ; 00:00:16                           ;
; Assembler                 ; 00:00:01     ; 1.0                     ; 4618 MB             ; 00:00:01                           ;
; TimeQuest Timing Analyzer ; 00:00:03     ; 1.0                     ; 4754 MB             ; 00:00:04                           ;
; EDA Netlist Writer        ; 00:00:04     ; 1.0                     ; 4618 MB             ; 00:00:04                           ;
; Analysis & Synthesis      ; 00:00:19     ; 1.5                     ; 4785 MB             ; 00:00:20                           ;
; Partition Merge           ; 00:00:01     ; 1.0                     ; 4677 MB             ; 00:00:01                           ;
; Fitter                    ; 00:00:12     ; 1.5                     ; 5674 MB             ; 00:00:16                           ;
; Assembler                 ; 00:00:01     ; 1.0                     ; 4618 MB             ; 00:00:01                           ;
; TimeQuest Timing Analyzer ; 00:00:03     ; 1.0                     ; 4758 MB             ; 00:00:04                           ;
; EDA Netlist Writer        ; 00:00:04     ; 1.0                     ; 4618 MB             ; 00:00:04                           ;
; Analysis & Synthesis      ; 00:00:18     ; 1.6                     ; 4789 MB             ; 00:00:20                           ;
; Partition Merge           ; 00:00:01     ; 1.0                     ; 4666 MB             ; 00:00:01                           ;
; Fitter                    ; 00:00:13     ; 1.4                     ; 5658 MB             ; 00:00:16                           ;
; Assembler                 ; 00:00:01     ; 1.0                     ; 4618 MB             ; 00:00:01                           ;
; TimeQuest Timing Analyzer ; 00:00:03     ; 1.0                     ; 4761 MB             ; 00:00:04                           ;
; EDA Netlist Writer        ; 00:00:05     ; 1.0                     ; 4618 MB             ; 00:00:04                           ;
; Analysis & Synthesis      ; 00:00:09     ; 1.0                     ; 4774 MB             ; 00:00:08                           ;
; Partition Merge           ; 00:00:01     ; 1.0                     ; 4684 MB             ; 00:00:01                           ;
; Fitter                    ; 00:00:11     ; 1.0                     ; 5646 MB             ; 00:00:13                           ;
; Assembler                 ; 00:00:02     ; 1.0                     ; 4618 MB             ; 00:00:01                           ;
; TimeQuest Timing Analyzer ; 00:00:03     ; 1.0                     ; 4765 MB             ; 00:00:04                           ;
; EDA Netlist Writer        ; 00:00:04     ; 1.0                     ; 4615 MB             ; 00:00:04                           ;
; Analysis & Synthesis      ; 00:00:09     ; 1.4                     ; 4724 MB             ; 00:00:08                           ;
; Analysis & Synthesis      ; 00:00:04     ; 1.0                     ; 4711 MB             ; 00:00:04                           ;
; Analysis & Synthesis      ; 00:00:03     ; 1.0                     ; 4707 MB             ; 00:00:04                           ;
; Analysis & Synthesis      ; 00:00:00     ; 1.0                     ; 4610 MB             ; 00:00:01                           ;
; Analysis & Synthesis      ; 00:00:01     ; 1.0                     ; 4610 MB             ; 00:00:01                           ;
; Analysis & Synthesis      ; 00:00:00     ; 1.0                     ; 4609 MB             ; 00:00:01                           ;
; Analysis & Synthesis      ; 00:00:05     ; 1.4                     ; 4731 MB             ; 00:00:07                           ;
; Partition Merge           ; 00:00:01     ; 1.0                     ; 4660 MB             ; 00:00:01                           ;
; Fitter                    ; 00:00:07     ; 1.5                     ; 5575 MB             ; 00:00:08                           ;
; Assembler                 ; 00:00:01     ; 1.0                     ; 4593 MB             ; 00:00:01                           ;
; TimeQuest Timing Analyzer ; 00:00:02     ; 1.0                     ; 4717 MB             ; 00:00:02                           ;
; EDA Netlist Writer        ; 00:00:02     ; 1.0                     ; 4569 MB             ; 00:00:02                           ;
; Analysis & Synthesis      ; 00:00:19     ; 1.5                     ; 4783 MB             ; 00:00:21                           ;
; Partition Merge           ; 00:00:02     ; 1.0                     ; 4664 MB             ; 00:00:01                           ;
; Fitter                    ; 00:00:13     ; 1.4                     ; 5644 MB             ; 00:00:17                           ;
; Assembler                 ; 00:00:01     ; 1.0                     ; 4615 MB             ; 00:00:01                           ;
; TimeQuest Timing Analyzer ; 00:00:03     ; 1.0                     ; 4765 MB             ; 00:00:04                           ;
; EDA Netlist Writer        ; 00:00:05     ; 1.0                     ; 4617 MB             ; 00:00:04                           ;
; Analysis & Synthesis      ; 00:00:18     ; 1.6                     ; 4781 MB             ; 00:00:19                           ;
; Partition Merge           ; 00:00:01     ; 1.0                     ; 4678 MB             ; 00:00:01                           ;
; Fitter                    ; 00:00:13     ; 1.4                     ; 5621 MB             ; 00:00:17                           ;
; Assembler                 ; 00:00:01     ; 1.0                     ; 4616 MB             ; 00:00:01                           ;
; TimeQuest Timing Analyzer ; 00:00:03     ; 1.0                     ; 4778 MB             ; 00:00:04                           ;
; EDA Netlist Writer        ; 00:00:04     ; 1.0                     ; 4616 MB             ; 00:00:04                           ;
; Analysis & Synthesis      ; 00:00:07     ; 1.0                     ; 4778 MB             ; 00:00:07                           ;
; Partition Merge           ; 00:00:02     ; 1.0                     ; 4684 MB             ; 00:00:01                           ;
; Fitter                    ; 00:00:03     ; 1.0                     ; 4905 MB             ; 00:00:03                           ;
; Analysis & Synthesis      ; 00:00:08     ; 1.0                     ; 4775 MB             ; 00:00:07                           ;
; Partition Merge           ; 00:00:01     ; 1.0                     ; 4680 MB             ; 00:00:01                           ;
; Fitter                    ; 00:00:11     ; 1.3                     ; 5674 MB             ; 00:00:13                           ;
; Assembler                 ; 00:00:01     ; 1.0                     ; 4614 MB             ; 00:00:01                           ;
; TimeQuest Timing Analyzer ; 00:00:03     ; 1.3                     ; 4755 MB             ; 00:00:04                           ;
; EDA Netlist Writer        ; 00:00:04     ; 1.0                     ; 4618 MB             ; 00:00:04                           ;
; Total                     ; 00:09:01     ; --                      ; --                  ; 00:09:56                           ;
+---------------------------+--------------+-------------------------+---------------------+------------------------------------+


+----------------------------------------------------------------------------------------+
; Flow OS Summary                                                                        ;
+---------------------------+------------------+-----------+------------+----------------+
; Module Name               ; Machine Hostname ; OS Name   ; OS Version ; Processor type ;
+---------------------------+------------------+-----------+------------+----------------+
; Analysis & Synthesis      ; DESKTOP-I9U844P  ; Windows 7 ; 6.2        ; x86_64         ;
; Fitter                    ; DESKTOP-I9U844P  ; Windows 7 ; 6.2        ; x86_64         ;
; Assembler                 ; DESKTOP-I9U844P  ; Windows 7 ; 6.2        ; x86_64         ;
; TimeQuest Timing Analyzer ; DESKTOP-I9U844P  ; Windows 7 ; 6.2        ; x86_64         ;
; EDA Netlist Writer        ; DESKTOP-I9U844P  ; Windows 7 ; 6.2        ; x86_64         ;
; Analysis & Synthesis      ; DESKTOP-I9U844P  ; Windows 7 ; 6.2        ; x86_64         ;
; Partition Merge           ; DESKTOP-I9U844P  ; Windows 7 ; 6.2        ; x86_64         ;
; Fitter                    ; DESKTOP-I9U844P  ; Windows 7 ; 6.2        ; x86_64         ;
; Assembler                 ; DESKTOP-I9U844P  ; Windows 7 ; 6.2        ; x86_64         ;
; TimeQuest Timing Analyzer ; DESKTOP-I9U844P  ; Windows 7 ; 6.2        ; x86_64         ;
; EDA Netlist Writer        ; DESKTOP-I9U844P  ; Windows 7 ; 6.2        ; x86_64         ;
; Analysis & Synthesis      ; DESKTOP-I9U844P  ; Windows 7 ; 6.2        ; x86_64         ;
; Partition Merge           ; DESKTOP-I9U844P  ; Windows 7 ; 6.2        ; x86_64         ;
; Fitter                    ; DESKTOP-I9U844P  ; Windows 7 ; 6.2        ; x86_64         ;
; Analysis & Synthesis      ; DESKTOP-I9U844P  ; Windows 7 ; 6.2        ; x86_64         ;
; Partition Merge           ; DESKTOP-I9U844P  ; Windows 7 ; 6.2        ; x86_64         ;
; Fitter                    ; DESKTOP-I9U844P  ; Windows 7 ; 6.2        ; x86_64         ;
; Assembler                 ; DESKTOP-I9U844P  ; Windows 7 ; 6.2        ; x86_64         ;
; TimeQuest Timing Analyzer ; DESKTOP-I9U844P  ; Windows 7 ; 6.2        ; x86_64         ;
; EDA Netlist Writer        ; DESKTOP-I9U844P  ; Windows 7 ; 6.2        ; x86_64         ;
; Analysis & Synthesis      ; DESKTOP-I9U844P  ; Windows 7 ; 6.2        ; x86_64         ;
; Partition Merge           ; DESKTOP-I9U844P  ; Windows 7 ; 6.2        ; x86_64         ;
; Fitter                    ; DESKTOP-I9U844P  ; Windows 7 ; 6.2        ; x86_64         ;
; Assembler                 ; DESKTOP-I9U844P  ; Windows 7 ; 6.2        ; x86_64         ;
; TimeQuest Timing Analyzer ; DESKTOP-I9U844P  ; Windows 7 ; 6.2        ; x86_64         ;
; EDA Netlist Writer        ; DESKTOP-I9U844P  ; Windows 7 ; 6.2        ; x86_64         ;
; Analysis & Synthesis      ; DESKTOP-I9U844P  ; Windows 7 ; 6.2        ; x86_64         ;
; Partition Merge           ; DESKTOP-I9U844P  ; Windows 7 ; 6.2        ; x86_64         ;
; Fitter                    ; DESKTOP-I9U844P  ; Windows 7 ; 6.2        ; x86_64         ;
; Assembler                 ; DESKTOP-I9U844P  ; Windows 7 ; 6.2        ; x86_64         ;
; TimeQuest Timing Analyzer ; DESKTOP-I9U844P  ; Windows 7 ; 6.2        ; x86_64         ;
; EDA Netlist Writer        ; DESKTOP-I9U844P  ; Windows 7 ; 6.2        ; x86_64         ;
; Analysis & Synthesis      ; DESKTOP-I9U844P  ; Windows 7 ; 6.2        ; x86_64         ;
; Analysis & Synthesis      ; DESKTOP-I9U844P  ; Windows 7 ; 6.2        ; x86_64         ;
; Analysis & Synthesis      ; DESKTOP-I9U844P  ; Windows 7 ; 6.2        ; x86_64         ;
; Analysis & Synthesis      ; DESKTOP-I9U844P  ; Windows 7 ; 6.2        ; x86_64         ;
; Partition Merge           ; DESKTOP-I9U844P  ; Windows 7 ; 6.2        ; x86_64         ;
; Fitter                    ; DESKTOP-I9U844P  ; Windows 7 ; 6.2        ; x86_64         ;
; Assembler                 ; DESKTOP-I9U844P  ; Windows 7 ; 6.2        ; x86_64         ;
; TimeQuest Timing Analyzer ; DESKTOP-I9U844P  ; Windows 7 ; 6.2        ; x86_64         ;
; EDA Netlist Writer        ; DESKTOP-I9U844P  ; Windows 7 ; 6.2        ; x86_64         ;
; Analysis & Synthesis      ; DESKTOP-I9U844P  ; Windows 7 ; 6.2        ; x86_64         ;
; Partition Merge           ; DESKTOP-I9U844P  ; Windows 7 ; 6.2        ; x86_64         ;
; Fitter                    ; DESKTOP-I9U844P  ; Windows 7 ; 6.2        ; x86_64         ;
; Assembler                 ; DESKTOP-I9U844P  ; Windows 7 ; 6.2        ; x86_64         ;
; TimeQuest Timing Analyzer ; DESKTOP-I9U844P  ; Windows 7 ; 6.2        ; x86_64         ;
; EDA Netlist Writer        ; DESKTOP-I9U844P  ; Windows 7 ; 6.2        ; x86_64         ;
; Analysis & Synthesis      ; DESKTOP-I9U844P  ; Windows 7 ; 6.2        ; x86_64         ;
; Partition Merge           ; DESKTOP-I9U844P  ; Windows 7 ; 6.2        ; x86_64         ;
; Fitter                    ; DESKTOP-I9U844P  ; Windows 7 ; 6.2        ; x86_64         ;
; Assembler                 ; DESKTOP-I9U844P  ; Windows 7 ; 6.2        ; x86_64         ;
; TimeQuest Timing Analyzer ; DESKTOP-I9U844P  ; Windows 7 ; 6.2        ; x86_64         ;
; EDA Netlist Writer        ; DESKTOP-I9U844P  ; Windows 7 ; 6.2        ; x86_64         ;
; Analysis & Synthesis      ; DESKTOP-I9U844P  ; Windows 7 ; 6.2        ; x86_64         ;
; Partition Merge           ; DESKTOP-I9U844P  ; Windows 7 ; 6.2        ; x86_64         ;
; Fitter                    ; DESKTOP-I9U844P  ; Windows 7 ; 6.2        ; x86_64         ;
; Assembler                 ; DESKTOP-I9U844P  ; Windows 7 ; 6.2        ; x86_64         ;
; TimeQuest Timing Analyzer ; DESKTOP-I9U844P  ; Windows 7 ; 6.2        ; x86_64         ;
; EDA Netlist Writer        ; DESKTOP-I9U844P  ; Windows 7 ; 6.2        ; x86_64         ;
; Analysis & Synthesis      ; DESKTOP-I9U844P  ; Windows 7 ; 6.2        ; x86_64         ;
; Analysis & Synthesis      ; DESKTOP-I9U844P  ; Windows 7 ; 6.2        ; x86_64         ;
; Analysis & Synthesis      ; DESKTOP-I9U844P  ; Windows 7 ; 6.2        ; x86_64         ;
; Analysis & Synthesis      ; DESKTOP-I9U844P  ; Windows 7 ; 6.2        ; x86_64         ;
; Analysis & Synthesis      ; DESKTOP-I9U844P  ; Windows 7 ; 6.2        ; x86_64         ;
; Analysis & Synthesis      ; DESKTOP-I9U844P  ; Windows 7 ; 6.2        ; x86_64         ;
; Analysis & Synthesis      ; DESKTOP-I9U844P  ; Windows 7 ; 6.2        ; x86_64         ;
; Partition Merge           ; DESKTOP-I9U844P  ; Windows 7 ; 6.2        ; x86_64         ;
; Fitter                    ; DESKTOP-I9U844P  ; Windows 7 ; 6.2        ; x86_64         ;
; Assembler                 ; DESKTOP-I9U844P  ; Windows 7 ; 6.2        ; x86_64         ;
; TimeQuest Timing Analyzer ; DESKTOP-I9U844P  ; Windows 7 ; 6.2        ; x86_64         ;
; EDA Netlist Writer        ; DESKTOP-I9U844P  ; Windows 7 ; 6.2        ; x86_64         ;
; Analysis & Synthesis      ; DESKTOP-I9U844P  ; Windows 7 ; 6.2        ; x86_64         ;
; Partition Merge           ; DESKTOP-I9U844P  ; Windows 7 ; 6.2        ; x86_64         ;
; Fitter                    ; DESKTOP-I9U844P  ; Windows 7 ; 6.2        ; x86_64         ;
; Assembler                 ; DESKTOP-I9U844P  ; Windows 7 ; 6.2        ; x86_64         ;
; TimeQuest Timing Analyzer ; DESKTOP-I9U844P  ; Windows 7 ; 6.2        ; x86_64         ;
; EDA Netlist Writer        ; DESKTOP-I9U844P  ; Windows 7 ; 6.2        ; x86_64         ;
; Analysis & Synthesis      ; DESKTOP-I9U844P  ; Windows 7 ; 6.2        ; x86_64         ;
; Partition Merge           ; DESKTOP-I9U844P  ; Windows 7 ; 6.2        ; x86_64         ;
; Fitter                    ; DESKTOP-I9U844P  ; Windows 7 ; 6.2        ; x86_64         ;
; Assembler                 ; DESKTOP-I9U844P  ; Windows 7 ; 6.2        ; x86_64         ;
; TimeQuest Timing Analyzer ; DESKTOP-I9U844P  ; Windows 7 ; 6.2        ; x86_64         ;
; EDA Netlist Writer        ; DESKTOP-I9U844P  ; Windows 7 ; 6.2        ; x86_64         ;
; Analysis & Synthesis      ; DESKTOP-I9U844P  ; Windows 7 ; 6.2        ; x86_64         ;
; Partition Merge           ; DESKTOP-I9U844P  ; Windows 7 ; 6.2        ; x86_64         ;
; Fitter                    ; DESKTOP-I9U844P  ; Windows 7 ; 6.2        ; x86_64         ;
; Analysis & Synthesis      ; DESKTOP-I9U844P  ; Windows 7 ; 6.2        ; x86_64         ;
; Partition Merge           ; DESKTOP-I9U844P  ; Windows 7 ; 6.2        ; x86_64         ;
; Fitter                    ; DESKTOP-I9U844P  ; Windows 7 ; 6.2        ; x86_64         ;
; Assembler                 ; DESKTOP-I9U844P  ; Windows 7 ; 6.2        ; x86_64         ;
; TimeQuest Timing Analyzer ; DESKTOP-I9U844P  ; Windows 7 ; 6.2        ; x86_64         ;
; EDA Netlist Writer        ; DESKTOP-I9U844P  ; Windows 7 ; 6.2        ; x86_64         ;
+---------------------------+------------------+-----------+------------+----------------+


------------
; Flow Log ;
------------
quartus_map --read_settings_files=on --write_settings_files=off ov7725_hdmi -c ov7725_hdmi
quartus_fit --read_settings_files=off --write_settings_files=off ov7725_hdmi -c ov7725_hdmi
quartus_asm --read_settings_files=off --write_settings_files=off ov7725_hdmi -c ov7725_hdmi
quartus_sta ov7725_hdmi -c ov7725_hdmi
quartus_eda --read_settings_files=off --write_settings_files=off ov7725_hdmi -c ov7725_hdmi
quartus_map --read_settings_files=on --write_settings_files=off ov7725_hdmi -c ov7725_hdmi
quartus_cdb --read_settings_files=off --write_settings_files=off ov7725_hdmi -c ov7725_hdmi --merge=on
quartus_fit --read_settings_files=off --write_settings_files=off ov7725_hdmi -c ov7725_hdmi
quartus_asm --read_settings_files=off --write_settings_files=off ov7725_hdmi -c ov7725_hdmi
quartus_sta ov7725_hdmi -c ov7725_hdmi
quartus_eda --read_settings_files=off --write_settings_files=off ov7725_hdmi -c ov7725_hdmi
quartus_map --read_settings_files=on --write_settings_files=off ov7725_hdmi -c ov7725_hdmi
quartus_cdb --read_settings_files=off --write_settings_files=off ov7725_hdmi -c ov7725_hdmi --merge=on
quartus_fit --read_settings_files=off --write_settings_files=off ov7725_hdmi -c ov7725_hdmi
quartus_map --read_settings_files=on --write_settings_files=off ov7725_hdmi -c ov7725_hdmi
quartus_cdb --read_settings_files=off --write_settings_files=off ov7725_hdmi -c ov7725_hdmi --merge=on
quartus_fit --read_settings_files=off --write_settings_files=off ov7725_hdmi -c ov7725_hdmi
quartus_asm --read_settings_files=off --write_settings_files=off ov7725_hdmi -c ov7725_hdmi
quartus_sta ov7725_hdmi -c ov7725_hdmi
quartus_eda --read_settings_files=off --write_settings_files=off ov7725_hdmi -c ov7725_hdmi
quartus_map --read_settings_files=on --write_settings_files=off ov7725_hdmi -c ov7725_hdmi
quartus_cdb --read_settings_files=off --write_settings_files=off ov7725_hdmi -c ov7725_hdmi --merge=on
quartus_fit --read_settings_files=off --write_settings_files=off ov7725_hdmi -c ov7725_hdmi
quartus_asm --read_settings_files=off --write_settings_files=off ov7725_hdmi -c ov7725_hdmi
quartus_sta ov7725_hdmi -c ov7725_hdmi
quartus_eda --read_settings_files=off --write_settings_files=off ov7725_hdmi -c ov7725_hdmi
quartus_map --read_settings_files=on --write_settings_files=off ov7725_hdmi -c ov7725_hdmi
quartus_cdb --read_settings_files=off --write_settings_files=off ov7725_hdmi -c ov7725_hdmi --merge=on
quartus_fit --read_settings_files=off --write_settings_files=off ov7725_hdmi -c ov7725_hdmi
quartus_asm --read_settings_files=off --write_settings_files=off ov7725_hdmi -c ov7725_hdmi
quartus_sta ov7725_hdmi -c ov7725_hdmi
quartus_eda --read_settings_files=off --write_settings_files=off ov7725_hdmi -c ov7725_hdmi
quartus_map --read_settings_files=on --write_settings_files=off ov7725_hdmi -c ov7725_hdmi
quartus_map --read_settings_files=on --write_settings_files=off ov7725_hdmi -c ov7725_hdmi
quartus_map --read_settings_files=on --write_settings_files=off ov7725_hdmi -c ov7725_hdmi
quartus_map --read_settings_files=on --write_settings_files=off ov7725_hdmi -c ov7725_hdmi
quartus_cdb --read_settings_files=off --write_settings_files=off ov7725_hdmi -c ov7725_hdmi --merge=on
quartus_fit --read_settings_files=off --write_settings_files=off ov7725_hdmi -c ov7725_hdmi
quartus_asm --read_settings_files=off --write_settings_files=off ov7725_hdmi -c ov7725_hdmi
quartus_sta ov7725_hdmi -c ov7725_hdmi
quartus_eda --read_settings_files=off --write_settings_files=off ov7725_hdmi -c ov7725_hdmi
quartus_map --read_settings_files=on --write_settings_files=off ov7725_hdmi -c ov7725_hdmi
quartus_cdb --read_settings_files=off --write_settings_files=off ov7725_hdmi -c ov7725_hdmi --merge=on
quartus_fit --read_settings_files=off --write_settings_files=off ov7725_hdmi -c ov7725_hdmi
quartus_asm --read_settings_files=off --write_settings_files=off ov7725_hdmi -c ov7725_hdmi
quartus_sta ov7725_hdmi -c ov7725_hdmi
quartus_eda --read_settings_files=off --write_settings_files=off ov7725_hdmi -c ov7725_hdmi
quartus_map --read_settings_files=on --write_settings_files=off ov7725_hdmi -c ov7725_hdmi
quartus_cdb --read_settings_files=off --write_settings_files=off ov7725_hdmi -c ov7725_hdmi --merge=on
quartus_fit --read_settings_files=off --write_settings_files=off ov7725_hdmi -c ov7725_hdmi
quartus_asm --read_settings_files=off --write_settings_files=off ov7725_hdmi -c ov7725_hdmi
quartus_sta ov7725_hdmi -c ov7725_hdmi
quartus_eda --read_settings_files=off --write_settings_files=off ov7725_hdmi -c ov7725_hdmi
quartus_map --read_settings_files=on --write_settings_files=off ov7725_hdmi -c ov7725_hdmi
quartus_cdb --read_settings_files=off --write_settings_files=off ov7725_hdmi -c ov7725_hdmi --merge=on
quartus_fit --read_settings_files=off --write_settings_files=off ov7725_hdmi -c ov7725_hdmi
quartus_asm --read_settings_files=off --write_settings_files=off ov7725_hdmi -c ov7725_hdmi
quartus_sta ov7725_hdmi -c ov7725_hdmi
quartus_eda --read_settings_files=off --write_settings_files=off ov7725_hdmi -c ov7725_hdmi
quartus_map --read_settings_files=on --write_settings_files=off ov7725_hdmi -c ov7725_hdmi
quartus_map --read_settings_files=on --write_settings_files=off ov7725_hdmi -c ov7725_hdmi
quartus_map --read_settings_files=on --write_settings_files=off ov7725_hdmi -c ov7725_hdmi
quartus_map --read_settings_files=on --write_settings_files=off ov7725_hdmi -c ov7725_hdmi
quartus_map --read_settings_files=on --write_settings_files=off ov7725_hdmi -c ov7725_hdmi
quartus_map --read_settings_files=on --write_settings_files=off ov7725_hdmi -c ov7725_hdmi
quartus_map --read_settings_files=on --write_settings_files=off ov7725_hdmi -c ov7725_hdmi
quartus_cdb --read_settings_files=off --write_settings_files=off ov7725_hdmi -c ov7725_hdmi --merge=on
quartus_fit --read_settings_files=off --write_settings_files=off ov7725_hdmi -c ov7725_hdmi
quartus_asm --read_settings_files=off --write_settings_files=off ov7725_hdmi -c ov7725_hdmi
quartus_sta ov7725_hdmi -c ov7725_hdmi
quartus_eda --read_settings_files=off --write_settings_files=off ov7725_hdmi -c ov7725_hdmi
quartus_map --read_settings_files=on --write_settings_files=off ov7725_hdmi -c ov7725_hdmi
quartus_cdb --read_settings_files=off --write_settings_files=off ov7725_hdmi -c ov7725_hdmi --merge=on
quartus_fit --read_settings_files=off --write_settings_files=off ov7725_hdmi -c ov7725_hdmi
quartus_asm --read_settings_files=off --write_settings_files=off ov7725_hdmi -c ov7725_hdmi
quartus_sta ov7725_hdmi -c ov7725_hdmi
quartus_eda --read_settings_files=off --write_settings_files=off ov7725_hdmi -c ov7725_hdmi
quartus_map --read_settings_files=on --write_settings_files=off ov7725_hdmi -c ov7725_hdmi
quartus_cdb --read_settings_files=off --write_settings_files=off ov7725_hdmi -c ov7725_hdmi --merge=on
quartus_fit --read_settings_files=off --write_settings_files=off ov7725_hdmi -c ov7725_hdmi
quartus_asm --read_settings_files=off --write_settings_files=off ov7725_hdmi -c ov7725_hdmi
quartus_sta ov7725_hdmi -c ov7725_hdmi
quartus_eda --read_settings_files=off --write_settings_files=off ov7725_hdmi -c ov7725_hdmi
quartus_map --read_settings_files=on --write_settings_files=off ov7725_hdmi -c ov7725_hdmi
quartus_cdb --read_settings_files=off --write_settings_files=off ov7725_hdmi -c ov7725_hdmi --merge=on
quartus_fit --read_settings_files=off --write_settings_files=off ov7725_hdmi -c ov7725_hdmi
quartus_map --read_settings_files=on --write_settings_files=off ov7725_hdmi -c ov7725_hdmi
quartus_cdb --read_settings_files=off --write_settings_files=off ov7725_hdmi -c ov7725_hdmi --merge=on
quartus_fit --read_settings_files=off --write_settings_files=off ov7725_hdmi -c ov7725_hdmi
quartus_asm --read_settings_files=off --write_settings_files=off ov7725_hdmi -c ov7725_hdmi
quartus_sta ov7725_hdmi -c ov7725_hdmi
quartus_eda --read_settings_files=off --write_settings_files=off ov7725_hdmi -c ov7725_hdmi



